<?xml version="1.0" encoding="UTF-8"?>
<!-- Generated by org.testng.reporters.JUnitXMLReporter -->
<testsuite ignored="0" hostname="srivastav" failures="0" tests="4" name="Test" time="11.465" errors="0" timestamp="2023-12-07T15:42:43 IST">
  <testcase classname="day8.CreateUser" name="test_createUser" time="9.702"/>
  <testcase classname="day8.GetUser" name="test_getUser" time="0.68"/>
  <testcase classname="day8.UpdateUser" name="test_updateUser" time="0.452"/>
  <testcase classname="day8.DeleteUser" name="test_deleteUser" time="0.522"/>
</testsuite> <!-- Test -->
