<?xml version="1.0" encoding="UTF-8"?>
<testng-results ignored="0" total="4" passed="4" failed="0" skipped="0">
  <reporter-output>
  </reporter-output>
  <suite started-at="2023-12-07T15:42:31 IST" name="Suite" finished-at="2023-12-07T15:42:43 IST" duration-ms="11465">
    <groups>
    </groups>
    <test started-at="2023-12-07T15:42:31 IST" name="Test" finished-at="2023-12-07T15:42:43 IST" duration-ms="11465">
      <class name="day8.UpdateUser">
        <test-method signature="test_updateUser(org.testng.ITestContext)[pri:0, instance:day8.UpdateUser@659499f1]" started-at="2023-12-07T15:42:42 IST" name="test_updateUser" finished-at="2023-12-07T15:42:42 IST" duration-ms="452" status="PASS">
          <params>
            <param index="0">
              <value>
                <![CDATA[org.testng.TestRunner@4b8d604b]]>
              </value>
            </param>
          </params>
          <reporter-output>
          </reporter-output>
        </test-method> <!-- test_updateUser -->
      </class> <!-- day8.UpdateUser -->
      <class name="day8.DeleteUser">
        <test-method signature="test_deleteUser(org.testng.ITestContext)[pri:0, instance:day8.DeleteUser@51e69659]" started-at="2023-12-07T15:42:42 IST" name="test_deleteUser" finished-at="2023-12-07T15:42:43 IST" duration-ms="522" status="PASS">
          <params>
            <param index="0">
              <value>
                <![CDATA[org.testng.TestRunner@4b8d604b]]>
              </value>
            </param>
          </params>
          <reporter-output>
          </reporter-output>
        </test-method> <!-- test_deleteUser -->
      </class> <!-- day8.DeleteUser -->
      <class name="day8.CreateUser">
        <test-method signature="test_createUser(org.testng.ITestContext)[pri:0, instance:day8.CreateUser@3e11f9e9]" started-at="2023-12-07T15:42:32 IST" name="test_createUser" finished-at="2023-12-07T15:42:41 IST" duration-ms="9702" status="PASS">
          <params>
            <param index="0">
              <value>
                <![CDATA[org.testng.TestRunner@4b8d604b]]>
              </value>
            </param>
          </params>
          <reporter-output>
          </reporter-output>
        </test-method> <!-- test_createUser -->
      </class> <!-- day8.CreateUser -->
      <class name="day8.GetUser">
        <test-method signature="test_getUser(org.testng.ITestContext)[pri:0, instance:day8.GetUser@82de64a]" started-at="2023-12-07T15:42:41 IST" name="test_getUser" finished-at="2023-12-07T15:42:42 IST" duration-ms="680" status="PASS">
          <params>
            <param index="0">
              <value>
                <![CDATA[org.testng.TestRunner@4b8d604b]]>
              </value>
            </param>
          </params>
          <reporter-output>
          </reporter-output>
        </test-method> <!-- test_getUser -->
      </class> <!-- day8.GetUser -->
    </test> <!-- Test -->
  </suite> <!-- Suite -->
</testng-results>
